[debug] [2024-04-23T20:08:16.890Z] ----------------------------------------------------------------------
[debug] [2024-04-23T20:08:16.891Z] Command:       /Users/vrijraj/.nvm/versions/node/v20.5.1/bin/node /Users/vrijraj/.nvm/versions/node/v20.5.1/bin/firebase deploy
[debug] [2024-04-23T20:08:16.891Z] CLI Version:   12.5.4
[debug] [2024-04-23T20:08:16.892Z] Platform:      darwin
[debug] [2024-04-23T20:08:16.892Z] Node Version:  v20.5.1
[debug] [2024-04-23T20:08:16.892Z] Time:          Wed Apr 24 2024 01:38:16 GMT+0530 (India Standard Time)
[debug] [2024-04-23T20:08:16.892Z] ----------------------------------------------------------------------
[debug] 
[debug] [2024-04-23T20:08:16.933Z] > command requires scopes: ["email","openid","https://www.googleapis.com/auth/cloudplatformprojects.readonly","https://www.googleapis.com/auth/firebase","https://www.googleapis.com/auth/cloud-platform"]
[debug] [2024-04-23T20:08:16.934Z] > authorizing via signed-in user (vrijraj2396@gmail.com)
[debug] [2024-04-23T20:08:16.934Z] [iam] checking project vrij-web for permissions ["firebase.projects.get","firebasehosting.sites.update"]
[debug] [2024-04-23T20:08:16.935Z] >>> [apiv2][query] POST https://cloudresourcemanager.googleapis.com/v1/projects/vrij-web:testIamPermissions [none]
[debug] [2024-04-23T20:08:16.935Z] >>> [apiv2][(partial)header] POST https://cloudresourcemanager.googleapis.com/v1/projects/vrij-web:testIamPermissions x-goog-quota-user=projects/vrij-web
[debug] [2024-04-23T20:08:16.935Z] >>> [apiv2][body] POST https://cloudresourcemanager.googleapis.com/v1/projects/vrij-web:testIamPermissions {"permissions":["firebase.projects.get","firebasehosting.sites.update"]}
[debug] [2024-04-23T20:08:17.016Z] *** [apiv2] error from fetch(https://cloudresourcemanager.googleapis.com/v1/projects/vrij-web:testIamPermissions, {"headers":{},"method":"POST","body":"{\"permissions\":[\"firebase.projects.get\",\"firebasehosting.sites.update\"]}"}): FetchError: request to https://cloudresourcemanager.googleapis.com/v1/projects/vrij-web:testIamPermissions failed, reason: read ECONNRESET
[debug] [2024-04-23T20:08:17.016Z] [iam] error while checking permissions, command may fail: FirebaseError: Failed to make request to https://cloudresourcemanager.googleapis.com/v1/projects/vrij-web:testIamPermissions
[debug] [2024-04-23T20:08:17.017Z] >>> [apiv2][query] GET https://firebase.googleapis.com/v1beta1/projects/vrij-web [none]
[debug] [2024-04-23T20:08:17.101Z] *** [apiv2] error from fetch(https://firebase.googleapis.com/v1beta1/projects/vrij-web, {"headers":{},"method":"GET","signal":{}}): FetchError: request to https://firebase.googleapis.com/v1beta1/projects/vrij-web failed, reason: read ECONNRESET
[debug] [2024-04-23T20:08:17.101Z] Failed to make request to https://firebase.googleapis.com/v1beta1/projects/vrij-web (original: request to https://firebase.googleapis.com/v1beta1/projects/vrij-web failed, reason: read ECONNRESET)
[debug] [2024-04-23T20:08:17.159Z] FirebaseError: Failed to make request to https://firebase.googleapis.com/v1beta1/projects/vrij-web
    at RetryOperation._fn (/Users/vrijraj/.nvm/versions/node/v20.5.1/lib/node_modules/firebase-tools/lib/apiv2.js:239:31)
    at process.processTicksAndRejections (node:internal/process/task_queues:95:5)
[error] 
[error] Error: Failed to get Firebase project vrij-web. Please make sure the project exists and your account has permission to access it.
